0 info it worked if it ends with ok
1 verbose cli [ '/usr/local/bin/node',
1 verbose cli   '/usr/local/bin/npm',
1 verbose cli   'install',
1 verbose cli   'bower-update',
1 verbose cli   '-g' ]
2 info using npm@1.4.28
3 info using node@v0.10.33
4 verbose cache add [ 'bower-update', null ]
5 verbose cache add name=undefined spec="bower-update" args=["bower-update",null]
6 verbose parsed url { protocol: null,
6 verbose parsed url   slashes: null,
6 verbose parsed url   auth: null,
6 verbose parsed url   host: null,
6 verbose parsed url   port: null,
6 verbose parsed url   hostname: null,
6 verbose parsed url   hash: null,
6 verbose parsed url   search: null,
6 verbose parsed url   query: null,
6 verbose parsed url   pathname: 'bower-update',
6 verbose parsed url   path: 'bower-update',
6 verbose parsed url   href: 'bower-update' }
7 silly lockFile fa3ba467-bower-update bower-update
8 verbose lock bower-update /home/alex/.npm/fa3ba467-bower-update.lock
9 silly lockFile fa3ba467-bower-update bower-update
10 silly lockFile fa3ba467-bower-update bower-update
11 verbose addNamed [ 'bower-update', '' ]
12 verbose addNamed [ null, '*' ]
13 silly lockFile c5c2e415-bower-update bower-update@
14 verbose lock bower-update@ /home/alex/.npm/c5c2e415-bower-update.lock
15 silly addNameRange { name: 'bower-update', range: '*', hasData: false }
16 verbose request where is /bower-update
17 verbose request registry https://registry.npmjs.org/
18 verbose request id 16ad2800c61087c8
19 verbose url raw /bower-update
20 verbose url resolving [ 'https://registry.npmjs.org/', './bower-update' ]
21 verbose url resolved https://registry.npmjs.org/bower-update
22 verbose request where is https://registry.npmjs.org/bower-update
23 info trying registry request attempt 1 at 20:14:09
24 verbose etag "1K5TES7S01KT9IW2HXHFFFMI0"
25 http GET https://registry.npmjs.org/bower-update
26 http 304 https://registry.npmjs.org/bower-update
27 silly registry.get cb [ 304,
27 silly registry.get   { date: 'Sat, 22 Nov 2014 19:14:14 GMT',
27 silly registry.get     server: 'Apache',
27 silly registry.get     via: '1.1 varnish',
27 silly registry.get     'last-modified': 'Sat, 22 Nov 2014 19:14:14 GMT',
27 silly registry.get     'cache-control': 'max-age=60',
27 silly registry.get     etag: '"1K5TES7S01KT9IW2HXHFFFMI0"',
27 silly registry.get     age: '10',
27 silly registry.get     'x-served-by': 'cache-ams4148-AMS',
27 silly registry.get     'x-cache': 'HIT',
27 silly registry.get     'x-cache-hits': '1',
27 silly registry.get     'x-timer': 'S1416683654.474290,VS0,VE0',
27 silly registry.get     vary: 'Accept',
27 silly registry.get     'content-length': '0',
27 silly registry.get     'keep-alive': 'timeout=10, max=50',
27 silly registry.get     connection: 'Keep-Alive' } ]
28 verbose etag https://registry.npmjs.org/bower-update from cache
29 silly addNameRange number 2 { name: 'bower-update', range: '*', hasData: true }
30 silly addNameRange versions [ 'bower-update', [ '0.0.1', '0.0.2', '0.0.3', '0.0.4' ] ]
31 verbose addNamed [ 'bower-update', '0.0.4' ]
32 verbose addNamed [ '0.0.4', '0.0.4' ]
33 silly lockFile a7ae79d7-bower-update-0-0-4 bower-update@0.0.4
34 verbose lock bower-update@0.0.4 /home/alex/.npm/a7ae79d7-bower-update-0-0-4.lock
35 silly lockFile a7ae79d7-bower-update-0-0-4 bower-update@0.0.4
36 silly lockFile a7ae79d7-bower-update-0-0-4 bower-update@0.0.4
37 silly lockFile c5c2e415-bower-update bower-update@
38 silly lockFile c5c2e415-bower-update bower-update@
39 silly resolved [ { name: 'bower-update',
39 silly resolved     description: 'Updates Bower components to the really latest versions.',
39 silly resolved     version: '0.0.4',
39 silly resolved     homepage: 'https://github.com/sapegin/bower-update',
39 silly resolved     author: { name: 'Artem Sapegin', url: 'http://sapegin.me/' },
39 silly resolved     repository:
39 silly resolved      { type: 'git',
39 silly resolved        url: 'git://github.com/sapegin/bower-update.git' },
39 silly resolved     bugs: { url: 'https://github.com/sapegin/bower-update/issues' },
39 silly resolved     licenses: [ [Object] ],
39 silly resolved     main: 'index.js',
39 silly resolved     bin: { 'bower-update': 'bin/bower-update' },
39 silly resolved     preferGlobal: true,
39 silly resolved     scripts:
39 silly resolved      { jshint: 'jshint index.js',
39 silly resolved        jscs: 'jscs index.js',
39 silly resolved        prepare: 'cd test && rm -f bower.json && cp src/bower.json . && bower install',
39 silly resolved        mocha: 'mocha --timeout 30000 --reporter spec --compilers coffee:coffee-script/register',
39 silly resolved        test: 'npm run jshint && npm run jscs && npm run prepare && npm run mocha' },
39 silly resolved     engines: { node: '>=0.10.0' },
39 silly resolved     dependencies:
39 silly resolved      { async: '~0.9.0',
39 silly resolved        bower: '~1.3.10',
39 silly resolved        chalk: '~0.5.1',
39 silly resolved        lodash: '~2.4.1',
39 silly resolved        nomnom: '~1.8.0',
39 silly resolved        'readline-sync': '~0.4.8' },
39 silly resolved     devDependencies:
39 silly resolved      { mocha: '~1.21.4',
39 silly resolved        'coffee-script': '~1.8.0',
39 silly resolved        chai: '~1.9.1',
39 silly resolved        jshint: '~2.5.5',
39 silly resolved        jscs: '~1.6.1' },
39 silly resolved     keywords: [ 'bower' ],
39 silly resolved     _id: 'bower-update@0.0.4',
39 silly resolved     dist:
39 silly resolved      { shasum: '73ccc133754f33c0498e5d2af3b79ab19fe42e30',
39 silly resolved        tarball: 'http://registry.npmjs.org/bower-update/-/bower-update-0.0.4.tgz' },
39 silly resolved     _from: 'bower-update@',
39 silly resolved     _npmVersion: '1.4.6',
39 silly resolved     _npmUser: { name: 'sapegin', email: 'artem@sapegin.ru' },
39 silly resolved     maintainers: [ [Object] ],
39 silly resolved     directories: {},
39 silly resolved     _shasum: '73ccc133754f33c0498e5d2af3b79ab19fe42e30',
39 silly resolved     _resolved: 'https://registry.npmjs.org/bower-update/-/bower-update-0.0.4.tgz',
39 silly resolved     readme: 'ERROR: No README data found!' } ]
40 info install bower-update@0.0.4 into /usr/local/lib
41 info installOne bower-update@0.0.4
42 verbose lib/node_modules/bower-update unbuild
43 verbose tar unpack /home/alex/.npm/bower-update/0.0.4/package.tgz
44 silly lockFile bba0b1ab-al-lib-node-modules-bower-update tar:///usr/local/lib/node_modules/bower-update
45 verbose lock tar:///usr/local/lib/node_modules/bower-update /home/alex/.npm/bba0b1ab-al-lib-node-modules-bower-update.lock
46 silly lockFile 3d3a943b-m-bower-update-0-0-4-package-tgz tar:///home/alex/.npm/bower-update/0.0.4/package.tgz
47 verbose lock tar:///home/alex/.npm/bower-update/0.0.4/package.tgz /home/alex/.npm/3d3a943b-m-bower-update-0-0-4-package-tgz.lock
48 silly gunzTarPerm modes [ '755', '644' ]
49 error Error: EACCES, mkdir '/usr/local/lib/node_modules/bower-update'
49 error  { [Error: EACCES, mkdir '/usr/local/lib/node_modules/bower-update']
49 error   errno: 3,
49 error   code: 'EACCES',
49 error   path: '/usr/local/lib/node_modules/bower-update',
49 error   fstream_type: 'Directory',
49 error   fstream_path: '/usr/local/lib/node_modules/bower-update',
49 error   fstream_class: 'DirWriter',
49 error   fstream_stack:
49 error    [ '/usr/local/lib/node_modules/npm/node_modules/fstream/lib/dir-writer.js:36:23',
49 error      '/usr/local/lib/node_modules/npm/node_modules/mkdirp/index.js:46:53',
49 error      'Object.oncomplete (fs.js:107:15)' ] }
50 error Please try running this command again as root/Administrator.
51 error System Linux 3.13.0-24-generic
52 error command "/usr/local/bin/node" "/usr/local/bin/npm" "install" "bower-update" "-g"
53 error cwd /home/alex/PersonalQR
54 error node -v v0.10.33
55 error npm -v 1.4.28
56 error path /usr/local/lib/node_modules/bower-update
57 error fstream_path /usr/local/lib/node_modules/bower-update
58 error fstream_type Directory
59 error fstream_class DirWriter
60 error code EACCES
61 error errno 3
62 error stack Error: EACCES, mkdir '/usr/local/lib/node_modules/bower-update'
63 error fstream_stack /usr/local/lib/node_modules/npm/node_modules/fstream/lib/dir-writer.js:36:23
63 error fstream_stack /usr/local/lib/node_modules/npm/node_modules/mkdirp/index.js:46:53
63 error fstream_stack Object.oncomplete (fs.js:107:15)
64 verbose exit [ 3, true ]
